Building DAG of jobs...
Using shell: /usr/bin/bash
Provided cores: 1
Rules claiming more threads will be scaled down.
Job counts:
	count	jobs
	1	all
	1	bowtie2_aligned_sorted_bam
	1	keep_primary_alignments
	3

[Mon Sep  2 12:33:32 2019]
rule bowtie2_aligned_sorted_bam:
    input: /g/boulard/sformich/analyses/H3K4me3_Ren_Snyder/trimmed_reads/Ren_ChIP_small.fastqsanger_trimmed.fq.gz
    output: /g/boulard/sformich/analyses/H3K4me3_Ren_Snyder/bam_files/Ren_ChIP_small.fastqsanger_bowtie2.bam, /g/boulard/sformich/analyses/H3K4me3_Ren_Snyder/stats/Ren_ChIP_small.fastqsanger_bowtie2_stats.txt
    jobid: 2
    wildcards: fastq_name=Ren_ChIP_small.fastqsanger

[Mon Sep  2 12:33:51 2019]
Finished job 2.
1 of 3 steps (33%) done

[Mon Sep  2 12:33:51 2019]
rule keep_primary_alignments:
    input: /g/boulard/sformich/analyses/H3K4me3_Ren_Snyder/stats/Ren_ChIP_small.fastqsanger_bowtie2_stats.txt
    output: /g/boulard/sformich/analyses/H3K4me3_Ren_Snyder/Ren_ChIP_small.fastqsanger_prova.txt
    jobid: 3
    wildcards: fastq_name=Ren_ChIP_small.fastqsanger

Waiting at most 5 seconds for missing files.
MissingOutputException in line 44 of /g/boulard/sformich/submissions_to_hpc/snakemake/ChIPSeq_1/Snakefile:
Missing files after 5 seconds:
/g/boulard/sformich/analyses/H3K4me3_Ren_Snyder/Ren_ChIP_small.fastqsanger_prova.txt
This might be due to filesystem latency. If that is the case, consider to increase the wait time with --latency-wait.
Shutting down, this might take some time.
Exiting because a job execution failed. Look above for error message
Complete log: /g/boulard/sformich/submissions_to_hpc/snakemake/ChIPSeq_1/.snakemake/log/2019-09-02T123332.186419.snakemake.log
