Building DAG of jobs...
Using shell: /usr/bin/bash
Provided cores: 1
Rules claiming more threads will be scaled down.
Job counts:
	count	jobs
	1	all
	1	keep_primary_alignments
	2

[Mon Sep  2 12:39:21 2019]
rule keep_primary_alignments:
    input: /g/boulard/sformich/analyses/H3K4me3_Ren_Snyder/stats/Ren_ChIP_small.fastqsanger_bowtie2_stats.txt
    output: /g/boulard/sformich/analyses/H3K4me3_Ren_Snyder/Ren_ChIP_small.fastqsanger_prova.txt
    jobid: 3
    wildcards: fastq_name=Ren_ChIP_small.fastqsanger

[Mon Sep  2 12:39:21 2019]
Finished job 3.
1 of 2 steps (50%) done

[Mon Sep  2 12:39:21 2019]
localrule all:
    input: /g/boulard/sformich/analyses/H3K4me3_Ren_Snyder/qc/Ren_ChIP_small.fastqsanger_fastqc.html, /g/boulard/sformich/analyses/H3K4me3_Ren_Snyder/bam_files/Ren_ChIP_small.fastqsanger_bowtie2.bam, /g/boulard/sformich/analyses/H3K4me3_Ren_Snyder/Ren_ChIP_small.fastqsanger_prova.txt
    jobid: 0

[Mon Sep  2 12:39:21 2019]
Finished job 0.
2 of 2 steps (100%) done
Complete log: /g/boulard/sformich/submissions_to_hpc/snakemake/ChIPSeq_1/.snakemake/log/2019-09-02T123920.917576.snakemake.log
