Building DAG of jobs...
Using shell: /usr/bin/bash
Provided cores: 1
Rules claiming more threads will be scaled down.
Job counts:
	count	jobs
	1	all
	1	keep_primary_alignments
	2

[Mon Sep  2 12:37:28 2019]
rule keep_primary_alignments:
    input: /g/boulard/sformich/analyses/H3K4me3_Ren_Snyder/stats/Ren_ChIP_small.fastqsanger_bowtie2_stats.txt
    output: /g/boulard/sformich/analyses/H3K4me3_Ren_Snyder/Ren_ChIP_small.fastqsanger_prova.txt
    jobid: 3
    wildcards: fastq_name=Ren_ChIP_small.fastqsanger

Waiting at most 5 seconds for missing files.
MissingOutputException in line 44 of /g/boulard/sformich/submissions_to_hpc/snakemake/ChIPSeq_1/Snakefile:
Missing files after 5 seconds:
/g/boulard/sformich/analyses/H3K4me3_Ren_Snyder/Ren_ChIP_small.fastqsanger_prova.txt
This might be due to filesystem latency. If that is the case, consider to increase the wait time with --latency-wait.
Shutting down, this might take some time.
Exiting because a job execution failed. Look above for error message
Complete log: /g/boulard/sformich/submissions_to_hpc/snakemake/ChIPSeq_1/.snakemake/log/2019-09-02T123728.828581.snakemake.log
