Building DAG of jobs...
Using shell: /usr/bin/bash
Provided cores: 1
Rules claiming more threads will be scaled down.
Job counts:
	count	jobs
	1	all
	1	bowtie2_aligned_sorted_bam
	2

[Fri Aug 23 17:42:07 2019]
rule bowtie2_aligned_sorted_bam:
    input: /g/boulard/sformich/analyses/H3K4me3_Ren_Snyder/trimmed_reads/Ren_ChIP_small.fastqsanger_trimmed.fq.gz
    output: /g/boulard/sformich/analyses/H3K4me3_Ren_Snyder/bam_files/Ren_ChIP_small.fastqsanger_bowtie2.bam, /g/boulard/sformich/analyses/H3K4me3_Ren_Snyder/stats/Ren_ChIP_small.fastqsanger_bowtie2_stats
    jobid: 2
    wildcards: fastq_name=Ren_ChIP_small.fastqsanger

Waiting at most 5 seconds for missing files.
MissingOutputException in line 30 of /g/boulard/sformich/submissions_to_hpc/snakemake/ChIPSeq_1/Snakefile:
Missing files after 5 seconds:
/g/boulard/sformich/analyses/H3K4me3_Ren_Snyder/stats/Ren_ChIP_small.fastqsanger_bowtie2_stats
This might be due to filesystem latency. If that is the case, consider to increase the wait time with --latency-wait.
Removing output files of failed job bowtie2_aligned_sorted_bam since they might be corrupted:
/g/boulard/sformich/analyses/H3K4me3_Ren_Snyder/bam_files/Ren_ChIP_small.fastqsanger_bowtie2.bam
Shutting down, this might take some time.
Exiting because a job execution failed. Look above for error message
Complete log: /g/boulard/sformich/submissions_to_hpc/snakemake/ChIPSeq_1/.snakemake/log/2019-08-23T174207.811305.snakemake.log
