Building DAG of jobs...
Using shell: /usr/bin/bash
Provided cores: 1
Rules claiming more threads will be scaled down.
Job counts:
	count	jobs
	1	all
	1	fastqc_my_fastq
	1	trimgalore_my_fastq
	3

[Fri Aug 23 17:27:59 2019]
rule fastqc_my_fastq:
    input: /g/boulard/sformich/galaxy_transfer/H3K4me3_Ren_Snyder/input_data/Ren_ChIP_small.fastqsanger.gz
    output: /g/boulard/sformich/analyses/H3K4me3_Ren_Snyder/qc/Ren_ChIP_small.fastqsanger_fastqc.html, /g/boulard/sformich/analyses/H3K4me3_Ren_Snyder/qc/Ren_ChIP_small.fastqsanger_fastqc.zip
    jobid: 1
    wildcards: fastq_name=Ren_ChIP_small.fastqsanger

[Fri Aug 23 17:28:02 2019]
Finished job 1.
1 of 3 steps (33%) done

[Fri Aug 23 17:28:02 2019]
rule trimgalore_my_fastq:
    input: /g/boulard/sformich/galaxy_transfer/H3K4me3_Ren_Snyder/input_data/Ren_ChIP_small.fastqsanger.gz
    output: /g/boulard/sformich/analyses/H3K4me3_Ren_Snyder/trimmed_reads/Ren_ChIP_small.fastqsanger_trimmed.fq.gz
    jobid: 2
    wildcards: fastq_name=Ren_ChIP_small.fastqsanger

[Fri Aug 23 17:28:05 2019]
Finished job 2.
2 of 3 steps (67%) done

[Fri Aug 23 17:28:05 2019]
localrule all:
    input: /g/boulard/sformich/analyses/H3K4me3_Ren_Snyder/qc/Ren_ChIP_small.fastqsanger_fastqc.html, /g/boulard/sformich/analyses/H3K4me3_Ren_Snyder/trimmed_reads/Ren_ChIP_small.fastqsanger_trimmed.fq.gz
    jobid: 0

[Fri Aug 23 17:28:05 2019]
Finished job 0.
3 of 3 steps (100%) done
Complete log: /g/boulard/sformich/submissions_to_hpc/snakemake/ChIPSeq_1/.snakemake/log/2019-08-23T172759.714020.snakemake.log
